<?xml version="1.0" encoding="UTF-8"?>
<testng-results ignored="0" total="1" passed="1" failed="0" skipped="0">
  <reporter-output>
  </reporter-output>
  <suite started-at="2019-11-23T09:00:04Z" name="Default suite" finished-at="2019-11-23T09:00:15Z" duration-ms="10773">
    <groups>
    </groups>
    <test started-at="2019-11-23T09:00:04Z" name="Default test" finished-at="2019-11-23T09:00:15Z" duration-ms="10773">
      <class name="jenkinsDemo.NewTest">
        <test-method signature="launchBrowser()[pri:0, instance:jenkinsDemo.NewTest@71248c21]" started-at="2019-11-23T09:00:05Z" name="launchBrowser" finished-at="2019-11-23T09:00:15Z" duration-ms="10721" status="PASS">
          <reporter-output>
          </reporter-output>
        </test-method> <!-- launchBrowser -->
      </class> <!-- jenkinsDemo.NewTest -->
    </test> <!-- Default test -->
  </suite> <!-- Default suite -->
</testng-results>
