<?xml version="1.0" encoding="UTF-8"?>
<testng-results ignored="0" total="1" passed="1" failed="0" skipped="0">
  <reporter-output>
  </reporter-output>
  <suite started-at="2019-11-16T12:35:05Z" name="Default suite" finished-at="2019-11-16T12:35:05Z" duration-ms="56">
    <groups>
    </groups>
    <test started-at="2019-11-16T12:35:05Z" name="Default test" finished-at="2019-11-16T12:35:05Z" duration-ms="56">
      <class name="jenkinsDemo.NewTest">
        <test-method signature="launchBrowser()[pri:0, instance:jenkinsDemo.NewTest@5ad851c9]" started-at="2019-11-16T12:35:05Z" name="launchBrowser" finished-at="2019-11-16T12:35:05Z" duration-ms="19" status="PASS">
          <reporter-output>
          </reporter-output>
        </test-method> <!-- launchBrowser -->
      </class> <!-- jenkinsDemo.NewTest -->
    </test> <!-- Default test -->
  </suite> <!-- Default suite -->
</testng-results>
